<?xml version="1.0" encoding="UTF-8"?>
<!-- Generated by org.testng.reporters.JUnitReportReporter -->
<testsuite skipped="0" hostname="DEW-YOVCHEV" name="test.TestOne" tests="1" failures="0" timestamp="27 Feb 2019 17:30:18 GMT" time="1.350" errors="0">
  <testcase name="googleSearch" time="1.350" classname="test.TestOne"/>
</testsuite> <!-- test.TestOne -->
