<?xml version="1.0" encoding="UTF-8"?>
<!-- Generated by org.testng.reporters.JUnitReportReporter -->
<testsuite skipped="0" hostname="DEW-YOVCHEV" name="prioritize.Test1" tests="1" failures="0" timestamp="06 Mar 2019 15:14:40 GMT" time="4.332" errors="0">
  <testcase name="test1" time="4.332" classname="prioritize.Test1"/>
</testsuite> <!-- prioritize.Test1 -->
