<?xml version="1.0" encoding="UTF-8"?>
<!-- Generated by org.testng.reporters.JUnitReportReporter -->
<testsuite skipped="0" hostname="DEW-YOVCHEV" name="prioritize.TestNGParametersDemo" tests="1" failures="0" timestamp="05 Mar 2019 15:52:07 GMT" time="0.008" errors="0">
  <testcase name="test" time="0.008" classname="prioritize.TestNGParametersDemo"/>
</testsuite> <!-- prioritize.TestNGParametersDemo -->
