<?xml version="1.0" encoding="UTF-8"?>
<!-- Generated by org.testng.reporters.JUnitReportReporter -->
<testsuite skipped="1" hostname="DEW-YOVCHEV" name="listeners.TestNGListenerDemo2" tests="5" failures="0" timestamp="04 Mar 2019 16:58:13 GMT" time="0.008" errors="0">
  <testcase name="test7" time="0.003" classname="listeners.TestNGListenerDemo2"/>
  <testcase name="test10" time="0.002" classname="listeners.TestNGListenerDemo2"/>
  <testcase name="test8" time="0.001" classname="listeners.TestNGListenerDemo2">
    <skipped/>
  </testcase> <!-- test8 -->
  <testcase name="test6" time="0.001" classname="listeners.TestNGListenerDemo2"/>
  <testcase name="test9" time="0.001" classname="listeners.TestNGListenerDemo2"/>
</testsuite> <!-- listeners.TestNGListenerDemo2 -->
