<?xml version="1.0" encoding="UTF-8"?>
<!-- Generated by org.testng.reporters.JUnitReportReporter -->
<testsuite skipped="0" hostname="DEW-YOVCHEV" name="utils.ExcelDataProvider" tests="7" failures="0" timestamp="01 Mar 2019 15:22:07 GMT" time="17.859" errors="0">
  <testcase name="test1" time="2.349" classname="utils.ExcelDataProvider"/>
  <testcase name="test1" time="2.348" classname="utils.ExcelDataProvider"/>
  <testcase name="test1" time="2.331" classname="utils.ExcelDataProvider"/>
  <testcase name="test1" time="2.313" classname="utils.ExcelDataProvider"/>
  <testcase name="test1" time="3.800" classname="utils.ExcelDataProvider"/>
  <testcase name="test1" time="2.346" classname="utils.ExcelDataProvider"/>
  <testcase name="test1" time="2.372" classname="utils.ExcelDataProvider"/>
</testsuite> <!-- utils.ExcelDataProvider -->
