<?xml version="1.0" encoding="UTF-8"?>
<!-- Generated by org.testng.reporters.JUnitReportReporter -->
<testsuite skipped="0" hostname="DEW-YOVCHEV" name="prioritize.TestNGGroupsDemo" tests="4" failures="0" timestamp="05 Mar 2019 17:12:31 GMT" time="0.011" errors="0">
  <testcase name="test2" time="0.001" classname="prioritize.TestNGGroupsDemo"/>
  <testcase name="test3" time="0.001" classname="prioritize.TestNGGroupsDemo"/>
  <testcase name="test4" time="0.001" classname="prioritize.TestNGGroupsDemo"/>
  <testcase name="test1" time="0.008" classname="prioritize.TestNGGroupsDemo"/>
</testsuite> <!-- prioritize.TestNGGroupsDemo -->
