<?xml version="1.0" encoding="UTF-8"?>
<!-- Generated by org.testng.reporters.JUnitReportReporter -->
<testsuite skipped="0" hostname="DEW-YOVCHEV" name="prioritize.TestNGPriority" tests="3" failures="0" timestamp="04 Mar 2019 17:22:31 GMT" time="0.014" errors="0">
  <testcase name="one" time="0.012" classname="prioritize.TestNGPriority"/>
  <testcase name="test3" time="0.001" classname="prioritize.TestNGPriority"/>
  <testcase name="two" time="0.001" classname="prioritize.TestNGPriority"/>
</testsuite> <!-- prioritize.TestNGPriority -->
