<?xml version="1.0" encoding="UTF-8"?>
<!-- Generated by org.testng.reporters.JUnitReportReporter -->
<testsuite skipped="1" hostname="DEW-YOVCHEV" name="prioritize.TestNGIgnoreDemo" tests="4" failures="0" timestamp="05 Mar 2019 17:19:22 GMT" time="0.011" errors="0">
  <testcase name="test3" time="0.001" classname="prioritize.TestNGIgnoreDemo"/>
  <testcase name="test2" time="0.009" classname="prioritize.TestNGIgnoreDemo"/>
  <testcase name="test4" time="0.001" classname="prioritize.TestNGIgnoreDemo"/>
  <testcase name="test1" classname="prioritize.TestNGIgnoreDemo">
    <skipped/>
  </testcase> <!-- test1 -->
</testsuite> <!-- prioritize.TestNGIgnoreDemo -->
