<?xml version="1.0" encoding="UTF-8"?>
<!-- Generated by org.testng.reporters.JUnitReportReporter -->
<testsuite skipped="0" hostname="DEW-YOVCHEV" name="test.TestOne2" tests="1" failures="0" timestamp="26 Feb 2019 16:05:01 GMT" time="0.934" errors="0">
  <testcase name="googleSearch3" time="0.934" classname="test.TestOne2"/>
</testsuite> <!-- test.TestOne2 -->
