<?xml version="1.0" encoding="UTF-8"?>
<!-- Generated by org.testng.reporters.JUnitReportReporter -->
<testsuite skipped="0" hostname="DEW-YOVCHEV" name="test.ExtentReportDemoWithTestNG" tests="2" failures="0" timestamp="25 Feb 2019 14:04:49 GMT" time="0.914" errors="0">
  <testcase name="test2" time="0.002" classname="test.ExtentReportDemoWithTestNG"/>
  <testcase name="test1" time="0.912" classname="test.ExtentReportDemoWithTestNG"/>
</testsuite> <!-- test.ExtentReportDemoWithTestNG -->
