<?xml version="1.0" encoding="UTF-8"?>
<!-- Generated by org.testng.reporters.JUnitReportReporter -->
<testsuite skipped="0" hostname="DEW-YOVCHEV" name="prioritize.TestNGDependencies" tests="4" failures="0" timestamp="05 Mar 2019 17:14:16 GMT" time="0.012" errors="0">
  <testcase name="test4" time="0.001" classname="prioritize.TestNGDependencies"/>
  <testcase name="test1" time="0.001" classname="prioritize.TestNGDependencies"/>
  <testcase name="test2" time="0.009" classname="prioritize.TestNGDependencies"/>
  <testcase name="test3" time="0.001" classname="prioritize.TestNGDependencies"/>
</testsuite> <!-- prioritize.TestNGDependencies -->
