<?xml version="1.0" encoding="UTF-8"?>
<!-- Generated by org.testng.reporters.JUnitReportReporter -->
<testsuite skipped="0" hostname="DEW-YOVCHEV" name="prioritize.TestNGMultiBrowserDemo" tests="3" failures="0" timestamp="04 Mar 2019 17:50:10 GMT" time="14.866" errors="0">
  <testcase name="test1" time="4.697" classname="prioritize.TestNGMultiBrowserDemo"/>
  <testcase name="test1" time="4.886" classname="prioritize.TestNGMultiBrowserDemo"/>
  <testcase name="test1" time="5.283" classname="prioritize.TestNGMultiBrowserDemo"/>
</testsuite> <!-- prioritize.TestNGMultiBrowserDemo -->
